This is pdfTeX, Version 3.14159265-2.6-1.40.18 (MiKTeX 2.9.6500 64-bit) (preloaded format=pdflatex 2017.11.24)  29 NOV 2017 00:04
entering extended mode
**./thesis.tex
(thesis.tex
LaTeX2e <2017-04-15>
Babel <3.15> and hyphenation patterns for 75 language(s) loaded.
(Latex/PhDthesis.cls

LaTeX Warning: You have requested document class `Latex/PhDthesis',
               but the document class provides `Latex/Classes/PhDthesisPSnPDF'.


Document Class: Latex/Classes/PhDthesisPSnPDF 2017/06/09 v1 PhD thesis class
("C:\Program Files\MiKTeX 2.9\tex\latex\base\book.cls"
Document Class: book 2014/09/29 v1.4h Standard LaTeX document class
("C:\Program Files\MiKTeX 2.9\tex\latex\base\bk11.clo"
File: bk11.clo 2014/09/29 v1.4h Standard LaTeX file (size option)
)
\c@part=\count79
\c@chapter=\count80
\c@section=\count81
\c@subsection=\count82
\c@subsubsection=\count83
\c@paragraph=\count84
\c@subparagraph=\count85
\c@figure=\count86
\c@table=\count87
\abovecaptionskip=\skip41
\belowcaptionskip=\skip42
\bibindent=\dimen102
)
("C:\Program Files\MiKTeX 2.9\tex\latex\amsfonts\amssymb.sty"
Package: amssymb 2013/01/14 v3.01 AMS font symbols

("C:\Program Files\MiKTeX 2.9\tex\latex\amsfonts\amsfonts.sty"
Package: amsfonts 2013/01/14 v3.01 Basic AMSFonts support
\@emptytoks=\toks14
\symAMSa=\mathgroup4
\symAMSb=\mathgroup5
LaTeX Font Info:    Overwriting math alphabet `\mathfrak' in version `bold'
(Font)                  U/euf/m/n --> U/euf/b/n on input line 106.
))
("C:\Program Files\MiKTeX 2.9\tex\latex\graphics\graphics.sty"
Package: graphics 2017/06/25 v1.2c Standard LaTeX Graphics (DPC,SPQR)

("C:\Program Files\MiKTeX 2.9\tex\latex\graphics\trig.sty"
Package: trig 2016/01/03 v1.10 sin cos tan (DPC)
)
("C:\Program Files\MiKTeX 2.9\tex\latex\graphics-cfg\graphics.cfg"
File: graphics.cfg 2016/06/04 v1.11 sample graphics configuration
)
Package graphics Info: Driver file: pdftex.def on input line 99.

("C:\Program Files\MiKTeX 2.9\tex\latex\graphics-def\pdftex.def"
File: pdftex.def 2017/06/24 v1.0g Graphics/color driver for pdftex
))
("C:\Program Files\MiKTeX 2.9\tex\latex\caption\caption.sty"
Package: caption 2016/02/21 v3.3-144 Customizing captions (AR)

("C:\Program Files\MiKTeX 2.9\tex\latex\caption\caption3.sty"
Package: caption3 2016/05/22 v1.7-166 caption3 kernel (AR)
Package caption3 Info: TeX engine: e-TeX on input line 67.

("C:\Program Files\MiKTeX 2.9\tex\latex\graphics\keyval.sty"
Package: keyval 2014/10/28 v1.15 key=value parser (DPC)
\KV@toks@=\toks15
)
\captionmargin=\dimen103
\captionmargin@=\dimen104
\captionwidth=\dimen105
\caption@tempdima=\dimen106
\caption@indent=\dimen107
\caption@parindent=\dimen108
\caption@hangindent=\dimen109
)
\c@ContinuedFloat=\count88
)
("C:\Program Files\MiKTeX 2.9\tex\latex\fancyhdr\fancyhdr.sty"
Package: fancyhdr 2017/06/30 v3.9a Extensive control of page headers and footer
s
\f@nch@headwidth=\skip43
\f@nch@O@elh=\skip44
\f@nch@O@erh=\skip45
\f@nch@O@olh=\skip46
\f@nch@O@orh=\skip47
\f@nch@O@elf=\skip48
\f@nch@O@erf=\skip49
\f@nch@O@olf=\skip50
\f@nch@O@orf=\skip51
)
("C:\Program Files\MiKTeX 2.9\tex\latex\amsfonts\eucal.sty"
Package: eucal 2009/06/22 v3.00 Euler Script fonts
LaTeX Font Info:    Overwriting math alphabet `\EuScript' in version `bold'
(Font)                  U/eus/m/n --> U/eus/b/n on input line 33.
)
("C:\Program Files\MiKTeX 2.9\tex\generic\babel\babel.sty"
Package: babel 2017/11/03 3.15 The Babel package

("C:\Program Files\MiKTeX 2.9\tex\generic\babel\switch.def"
File: switch.def 2017/11/03 3.15 Babel switching mechanism
)
*************************************
* Local config file bblopts.cfg used
*
("C:\Program Files\MiKTeX 2.9\tex\latex\arabi\bblopts.cfg"
File: bblopts.cfg 2005/09/08 v0.1 add Arabic and Farsi to "declared" options of
 babel
)
("C:\Program Files\MiKTeX 2.9\tex\latex\babel-english\english.ldf"
Language: english 2017/06/06 v3.3r English support from the babel system

("C:\Program Files\MiKTeX 2.9\tex\generic\babel\babel.def"
File: babel.def 2017/11/03 3.15 Babel common definitions

("C:\Program Files\MiKTeX 2.9\tex\generic\babel\switch.def"
File: switch.def 2017/11/03 3.15 Babel switching mechanism
)
\babel@savecnt=\count89
\U@D=\dimen110
)
\l@canadian = a dialect from \language\l@american 
\l@australian = a dialect from \language\l@british 
\l@newzealand = a dialect from \language\l@british 
))
("C:\Program Files\MiKTeX 2.9\tex\latex\graphics\color.sty"
Package: color 2016/07/10 v1.1e Standard LaTeX Color (DPC)

("C:\Program Files\MiKTeX 2.9\tex\latex\graphics-cfg\color.cfg"
File: color.cfg 2016/01/02 v1.6 sample color configuration
)
Package color Info: Driver file: pdftex.def on input line 147.

("C:\Program Files\MiKTeX 2.9\tex\latex\graphics\dvipsnam.def"
File: dvipsnam.def 2016/06/17 v3.0m Driver-dependent file (DPC,SPQR)
))
("C:\Program Files\MiKTeX 2.9\tex\latex\footmisc\footmisc.sty"
Package: footmisc 2011/06/06 v5.5b a miscellany of footnote facilities
\FN@temptoken=\toks16
\footnotemargin=\dimen111
\c@pp@next@reset=\count90
\c@@fnserial=\count91
Package footmisc Info: Declaring symbol style bringhurst on input line 855.
Package footmisc Info: Declaring symbol style chicago on input line 863.
Package footmisc Info: Declaring symbol style wiley on input line 872.
Package footmisc Info: Declaring symbol style lamport-robust on input line 883.

Package footmisc Info: Declaring symbol style lamport* on input line 903.
Package footmisc Info: Declaring symbol style lamport*-robust on input line 924
.
)
("C:\Program Files\MiKTeX 2.9\tex\latex\natbib\natbib.sty"
Package: natbib 2010/09/13 8.31b (PWD, AO)
\bibhang=\skip52
\bibsep=\skip53
LaTeX Info: Redefining \cite on input line 694.
\c@NAT@ctr=\count92
)
("C:\Program Files\MiKTeX 2.9\tex\latex\base\ifthen.sty"
Package: ifthen 2014/09/29 v1.1c Standard LaTeX ifthen package (DPC)
)
("C:\Program Files\MiKTeX 2.9\tex\latex\tools\multicol.sty"
Package: multicol 2017/04/11 v1.8q multicolumn formatting (FMi)
\c@tracingmulticols=\count93
\mult@box=\box26
\multicol@leftmargin=\dimen112
\c@unbalance=\count94
\c@collectmore=\count95
\doublecol@number=\count96
\multicoltolerance=\count97
\multicolpretolerance=\count98
\full@width=\dimen113
\page@free=\dimen114
\premulticols=\dimen115
\postmulticols=\dimen116
\multicolsep=\skip54
\multicolbaselineskip=\skip55
\partial@page=\box27
\last@line=\box28
\maxbalancingoverflow=\dimen117
\mult@rightbox=\box29
\mult@grightbox=\box30
\mult@gfirstbox=\box31
\mult@firstbox=\box32
\@tempa=\box33
\@tempa=\box34
\@tempa=\box35
\@tempa=\box36
\@tempa=\box37
\@tempa=\box38
\@tempa=\box39
\@tempa=\box40
\@tempa=\box41
\@tempa=\box42
\@tempa=\box43
\@tempa=\box44
\@tempa=\box45
\@tempa=\box46
\@tempa=\box47
\@tempa=\box48
\@tempa=\box49
\c@columnbadness=\count99
\c@finalcolumnbadness=\count100
\last@try=\dimen118
\multicolovershoot=\dimen119
\multicolundershoot=\dimen120
\mult@nat@firstbox=\box50
\colbreak@box=\box51
\mc@col@check@num=\count101
)
("C:\Program Files\MiKTeX 2.9\tex\latex\tocbibind\tocbibind.sty"
Package: tocbibind 2010/10/13 v1.5k extra ToC listings
Package tocbibind Info: The document has chapter divisions on input line 50.


Package tocbibind Note: Using chapter style headings, unless overridden.

) ("C:\Program Files\MiKTeX 2.9\tex\latex\setspace\setspace.sty"
Package: setspace 2011/12/19 v6.7a set line spacing
)
("C:\Program Files\MiKTeX 2.9\tex\latex\graphics\rotating.sty"
Package: rotating 2016/08/11 v2.16d rotated objects in LaTeX

("C:\Program Files\MiKTeX 2.9\tex\latex\graphics\graphicx.sty"
Package: graphicx 2017/06/01 v1.1a Enhanced LaTeX Graphics (DPC,SPQR)
\Gin@req@height=\dimen121
\Gin@req@width=\dimen122
)
\c@r@tfl@t=\count102
\rotFPtop=\skip56
\rotFPbot=\skip57
\rot@float@box=\box52
\rot@mess@toks=\toks17
)
("C:\Program Files\MiKTeX 2.9\tex\latex\listings\listings.sty"
\lst@mode=\count103
\lst@gtempboxa=\box53
\lst@token=\toks18
\lst@length=\count104
\lst@currlwidth=\dimen123
\lst@column=\count105
\lst@pos=\count106
\lst@lostspace=\dimen124
\lst@width=\dimen125
\lst@newlines=\count107
\lst@lineno=\count108
\lst@maxwidth=\dimen126

("C:\Program Files\MiKTeX 2.9\tex\latex\listings\lstmisc.sty"
File: lstmisc.sty 2015/06/04 1.6 (Carsten Heinz)
\c@lstnumber=\count109
\lst@skipnumbers=\count110
\lst@framebox=\box54
)
("C:\Program Files\MiKTeX 2.9\tex\latex\listings\listings.cfg"
File: listings.cfg 2015/06/04 1.6 listings configuration
))
Package: listings 2015/06/04 1.6 (Carsten Heinz)

("C:\Program Files\MiKTeX 2.9\tex\latex\multirow\multirow.sty"
Package: multirow 2016/11/25 v2.2 Span multiple rows of a table
\multirow@colwidth=\skip58
\multirow@cntb=\count111
\multirow@dima=\skip59
\bigstrutjot=\dimen127
)
("C:\Program Files\MiKTeX 2.9\tex\latex\threeparttable\threeparttable.sty"
Package: threeparttable 2003/06/13  v 3.0
\@tempboxb=\box55
)
("C:\Program Files\MiKTeX 2.9\tex\latex\url\url.sty"
\Urlmuskip=\muskip10
Package: url 2013/09/16  ver 3.4  Verb mode for urls, etc.
)
("C:\Program Files\MiKTeX 2.9\tex\latex\hyperref\hyperref.sty"
Package: hyperref 2017/03/14 v6.85a Hypertext links for LaTeX

("C:\Program Files\MiKTeX 2.9\tex\generic\oberdiek\hobsub-hyperref.sty"
Package: hobsub-hyperref 2016/05/16 v1.14 Bundle oberdiek, subset hyperref (HO)


("C:\Program Files\MiKTeX 2.9\tex\generic\oberdiek\hobsub-generic.sty"
Package: hobsub-generic 2016/05/16 v1.14 Bundle oberdiek, subset generic (HO)
Package: hobsub 2016/05/16 v1.14 Construct package bundles (HO)
Package: infwarerr 2016/05/16 v1.4 Providing info/warning/error messages (HO)
Package: ltxcmds 2016/05/16 v1.23 LaTeX kernel commands for general use (HO)
Package: ifluatex 2016/05/16 v1.4 Provides the ifluatex switch (HO)
Package ifluatex Info: LuaTeX not detected.
Package: ifvtex 2016/05/16 v1.6 Detect VTeX and its facilities (HO)
Package ifvtex Info: VTeX not detected.
Package: intcalc 2016/05/16 v1.2 Expandable calculations with integers (HO)
Package: ifpdf 2017/03/15 v3.2 Provides the ifpdf switch
Package: etexcmds 2016/05/16 v1.6 Avoid name clashes with e-TeX commands (HO)
Package etexcmds Info: Could not find \expanded.
(etexcmds)             That can mean that you are not using pdfTeX 1.50 or
(etexcmds)             that some package has redefined \expanded.
(etexcmds)             In the latter case, load this package earlier.
Package: kvsetkeys 2016/05/16 v1.17 Key value parser (HO)
Package: kvdefinekeys 2016/05/16 v1.4 Define keys (HO)
Package: pdftexcmds 2017/03/19 v0.25 Utility functions of pdfTeX for LuaTeX (HO
)
Package pdftexcmds Info: LuaTeX not detected.
Package pdftexcmds Info: \pdf@primitive is available.
Package pdftexcmds Info: \pdf@ifprimitive is available.
Package pdftexcmds Info: \pdfdraftmode found.
Package: pdfescape 2016/05/16 v1.14 Implements pdfTeX's escape features (HO)
Package: bigintcalc 2016/05/16 v1.4 Expandable calculations on big integers (HO
)
Package: bitset 2016/05/16 v1.2 Handle bit-vector datatype (HO)
Package: uniquecounter 2016/05/16 v1.3 Provide unlimited unique counter (HO)
)
Package hobsub Info: Skipping package `hobsub' (already loaded).
Package: letltxmacro 2016/05/16 v1.5 Let assignment for LaTeX macros (HO)
Package: hopatch 2016/05/16 v1.3 Wrapper for package hooks (HO)
Package: xcolor-patch 2016/05/16 xcolor patch
Package: atveryend 2016/05/16 v1.9 Hooks at the very end of document (HO)
Package atveryend Info: \enddocument detected (standard20110627).
Package: atbegshi 2016/06/09 v1.18 At begin shipout hook (HO)
Package: refcount 2016/05/16 v3.5 Data extraction from label references (HO)
Package: hycolor 2016/05/16 v1.8 Color options for hyperref/bookmark (HO)
)
("C:\Program Files\MiKTeX 2.9\tex\generic\ifxetex\ifxetex.sty"
Package: ifxetex 2010/09/12 v0.6 Provides ifxetex conditional
)
("C:\Program Files\MiKTeX 2.9\tex\latex\oberdiek\auxhook.sty"
Package: auxhook 2016/05/16 v1.4 Hooks for auxiliary files (HO)
)
("C:\Program Files\MiKTeX 2.9\tex\latex\oberdiek\kvoptions.sty"
Package: kvoptions 2016/05/16 v3.12 Key value format for package options (HO)
)
\@linkdim=\dimen128
\Hy@linkcounter=\count112
\Hy@pagecounter=\count113

("C:\Program Files\MiKTeX 2.9\tex\latex\hyperref\pd1enc.def"
File: pd1enc.def 2017/03/14 v6.85a Hyperref: PDFDocEncoding definition (HO)
)
\Hy@SavedSpaceFactor=\count114

("C:\Program Files\MiKTeX 2.9\tex\latex\00miktex\hyperref.cfg"
File: hyperref.cfg 2002/06/06 v1.2 hyperref configuration of TeXLive
)
Package hyperref Info: Hyper figures OFF on input line 4498.
Package hyperref Info: Link nesting OFF on input line 4503.
Package hyperref Info: Hyper index ON on input line 4506.
Package hyperref Info: Plain pages OFF on input line 4513.
Package hyperref Info: Backreferencing OFF on input line 4518.
Package hyperref Info: Implicit mode ON; LaTeX internals redefined.
Package hyperref Info: Bookmarks ON on input line 4751.
\c@Hy@tempcnt=\count115
LaTeX Info: Redefining \url on input line 5104.
\XeTeXLinkMargin=\dimen129
\Fld@menulength=\count116
\Field@Width=\dimen130
\Fld@charsize=\dimen131
Package hyperref Info: Hyper figures OFF on input line 6358.
Package hyperref Info: Link nesting OFF on input line 6363.
Package hyperref Info: Hyper index ON on input line 6366.
Package hyperref Info: backreferencing OFF on input line 6373.
Package hyperref Info: Link coloring OFF on input line 6378.
Package hyperref Info: Link coloring with OCG OFF on input line 6383.
Package hyperref Info: PDF/A mode OFF on input line 6388.
LaTeX Info: Redefining \ref on input line 6428.
LaTeX Info: Redefining \pageref on input line 6432.
\Hy@abspage=\count117
\c@Item=\count118
\c@Hfootnote=\count119
)

Package hyperref Message: Driver (autodetected): hpdftex.

("C:\Program Files\MiKTeX 2.9\tex\latex\hyperref\hpdftex.def"
File: hpdftex.def 2017/03/14 v6.85a Hyperref driver for pdfTeX
\Fld@listcount=\count120
\c@bookmark@seq@number=\count121

("C:\Program Files\MiKTeX 2.9\tex\latex\oberdiek\rerunfilecheck.sty"
Package: rerunfilecheck 2016/05/16 v1.8 Rerun checks for auxiliary files (HO)
Package uniquecounter Info: New unique counter `rerunfilecheck' on input line 2
82.
)
\Hy@SectionHShift=\skip60
)
("C:\Program Files\MiKTeX 2.9\tex\latex\listings\lstlang1.sty"
File: lstlang1.sty 2015/06/04 1.6 listings language file
)
("C:\Program Files\MiKTeX 2.9\tex\latex\listings\lstmisc.sty"
File: lstmisc.sty 2015/06/04 1.6 (Carsten Heinz)
)
("C:\Program Files\MiKTeX 2.9\tex\latex\nomencl\nomencl.sty"
Package: nomencl 2005/09/22 v4.2 Nomenclature package (LN)
\nomlabelwidth=\dimen132
\nom@tempdim=\dimen133
\nomitemsep=\skip61
)
\@nomenclaturefile=\write3
\openout3 = `thesis.nlo'.


Writing nomenclature file thesis.nlo
)
\@input{Latex/macros.aux}
\openout2 = `Latex/macros.aux'.

(Latex/macros.tex
\c@property=\count122
)

LaTeX Warning: Unused global option(s):
    [pdftex].

(thesis.aux (0_fronter.aux) (1_introduction.aux) (2_relatedwork.aux)
(3_xpath.aux) (basex/index.aux) (partialtree/index.aux) (6_conclusion.aux))
\openout1 = `thesis.aux'.

LaTeX Font Info:    Checking defaults for OML/cmm/m/it on input line 23.
LaTeX Font Info:    ... okay on input line 23.
LaTeX Font Info:    Checking defaults for T1/cmr/m/n on input line 23.
LaTeX Font Info:    ... okay on input line 23.
LaTeX Font Info:    Checking defaults for OT1/cmr/m/n on input line 23.
LaTeX Font Info:    ... okay on input line 23.
LaTeX Font Info:    Checking defaults for OMS/cmsy/m/n on input line 23.
LaTeX Font Info:    ... okay on input line 23.
LaTeX Font Info:    Checking defaults for OMX/cmex/m/n on input line 23.
LaTeX Font Info:    ... okay on input line 23.
LaTeX Font Info:    Checking defaults for U/cmr/m/n on input line 23.
LaTeX Font Info:    ... okay on input line 23.
LaTeX Font Info:    Checking defaults for PD1/pdf/m/n on input line 23.
LaTeX Font Info:    ... okay on input line 23.

("C:\Program Files\MiKTeX 2.9\tex\context\base\supp-pdf.mkii"
[Loading MPS to PDF converter (version 2006.09.02).]
\scratchcounter=\count123
\scratchdimen=\dimen134
\scratchbox=\box56
\nofMPsegments=\count124
\nofMParguments=\count125
\everyMPshowfont=\toks19
\MPscratchCnt=\count126
\MPscratchDim=\dimen135
\MPnumerator=\count127
\makeMPintoPDFobject=\count128
\everyMPtoPDFconversion=\toks20
) ("C:\Program Files\MiKTeX 2.9\tex\latex\oberdiek\epstopdf-base.sty"
Package: epstopdf-base 2016/05/15 v2.6 Base part for package epstopdf

("C:\Program Files\MiKTeX 2.9\tex\latex\oberdiek\grfext.sty"
Package: grfext 2016/05/16 v1.2 Manage graphics extensions (HO)
)
Package epstopdf-base Info: Redefining graphics rule for `.eps' on input line 4
38.
Package grfext Info: Graphics extension search list:
(grfext)             [.png,.jpg,.jpeg,.pdf,.gif,.eps]
(grfext)             \AppendGraphicsExtensions on input line 456.
)
Package caption Info: Begin \AtBeginDocument code.
Package caption Info: hyperref package is loaded.
Package caption Info: listings package is loaded.
Package caption Info: rotating package is loaded.
Package caption Info: threeparttable package is loaded.
Package caption Info: End \AtBeginDocument code.
\c@lstlisting=\count129
\AtBeginShipoutBox=\box57
Package hyperref Info: Link coloring OFF on input line 23.

("C:\Program Files\MiKTeX 2.9\tex\latex\hyperref\nameref.sty"
Package: nameref 2016/05/21 v2.44 Cross-referencing by name of section

("C:\Program Files\MiKTeX 2.9\tex\generic\oberdiek\gettitlestring.sty"
Package: gettitlestring 2016/05/16 v1.5 Cleanup title references (HO)
)
\c@section@level=\count130
)
LaTeX Info: Redefining \ref on input line 23.
LaTeX Info: Redefining \pageref on input line 23.
LaTeX Info: Redefining \nameref on input line 23.

(thesis.out) (thesis.out)
\@outlinefile=\write4
\openout4 = `thesis.out'.

LaTeX Font Info:    Try loading font information for U+msa on input line 27.

("C:\Program Files\MiKTeX 2.9\tex\latex\amsfonts\umsa.fd"
File: umsa.fd 2013/01/14 v3.01 AMS symbols A
)
LaTeX Font Info:    Try loading font information for U+msb on input line 27.

("C:\Program Files\MiKTeX 2.9\tex\latex\amsfonts\umsb.fd"
File: umsb.fd 2013/01/14 v3.01 AMS symbols B
) [1



\FN@pp@footnotehinttrue 

{C:/Users/Administrator/AppData/Local/MiKTeX/2.9/pdftex/config/pdftex.map}]
\openout2 = `0_fronter.aux'.


(0_fronter.tex [2

] [3] [4] [5] [6

]pdfTeX warning (ext4): destination with the same identifier (name{page.i}) has
 been already used, duplicate ignored
<to be read again> 
                   \relax 
l.134 \end{dedication}
                       [1]pdfTeX warning (ext4): destination with the same iden
tifier (name{page.ii}) has been already used, duplicate ignored
<to be read again> 
                   \relax 
l.176 
       [2]pdfTeX warning (ext4): destination with the same identifier (name{pag
e.iii}) has been already used, duplicate ignored
<to be read again> 
                   \relax 
l.181 \end{acknowledgements}
                             [3])pdfTeX warning (ext4): destination with the sa
me identifier (name{page.iv}) has been already used, duplicate ignored
<to be read again> 
                   \relax 
l.40 \tableofcontents
                        % print the table of contents [4
\FN@pp@footnotehinttrue 


] (thesis.tocpdfTeX warning (ext4): destination with the same identifier (name{
page.v}) has been already used, duplicate ignored
<to be read again> 
                   \relax 
l.24 ...{3}XML and Query Languages}{15}{chapter.3}
                                                   [5]pdfTeX warning (ext4): de
stination with the same identifier (name{page.vi}) has been already used, dupli
cate ignored
<to be read again> 
                   \relax 
l.53 ...eristics of Partial Tree}{44}{section.5.2}
                                                   [6] [7])
\tf@toc=\write5
\openout5 = `thesis.toc'.

 [8] (thesis.lof
LaTeX Font Info:    Try loading font information for OMS+cmr on input line 11.

("C:\Program Files\MiKTeX 2.9\tex\latex\base\omscmr.fd"
File: omscmr.fd 2014/09/29 v2.5h Standard LaTeX font definitions
)
LaTeX Font Info:    Font shape `OMS/cmr/m/n' in size <10.95> not available
(Font)              Font shape `OMS/cmsy/m/n' tried instead on input line 11.
 [9

])
\tf@lof=\write6
\openout6 = `thesis.lof'.

 [10] (thesis.lot)
\tf@lot=\write7
\openout7 = `thesis.lot'.

[11

] [12

]
\openout2 = `1_introduction.aux'.

 (1_introduction.tex
Chapter 1.
[1


] [2] [3]
<figures/exampletree.png, id=651, 666.23906pt x 447.17062pt>
File: figures/exampletree.png Graphic file (type png)
<use figures/exampletree.png>
Package pdftex.def Info: figures/exampletree.png  used on input line 145. on in
put line 145.
Package pdftex.def Info: Requested size: 199.87326pt x 134.15222pt on input lin
e 145.
<figures/examplepartialtree.png, id=653, 402.75468pt x 429.85594pt>
File: figures/examplepartialtree.png Graphic file (type png)
<use figures/examplepartialtree.png>
Package pdftex.def Info: figures/examplepartialtree.png  used on input line 147
. on input line 147.
Package pdftex.def Info: Requested size: 120.82733pt x 128.95776pt on input lin
e 147.
 [4]
Underfull \vbox (badness 10000) has occurred while \output is active []

 [5 <./figures/exampletree.png> <./figures/examplepartialtree.png>]
Underfull \vbox (badness 10000) has occurred while \output is active []

 [6])
[7]
\openout2 = `2_relatedwork.aux'.

 (2_relatedwork.tex [8



]
Chapter 2.
[9] [10] [11]
Underfull \vbox (badness 10000) has occurred while \output is active []

 [12]
[13]) [14]
\openout2 = `3_xpath.aux'.

 (3_xpath.tex
Chapter 3.
[15



]
Underfull \hbox (badness 10000) in paragraph at lines 33--35

 []


Underfull \hbox (badness 10000) in paragraph at lines 66--67

 []

<figures/relationships.png, id=854, 846.16125pt x 575.90157pt>
File: figures/relationships.png Graphic file (type png)
<use figures/relationships.png>
Package pdftex.def Info: figures/relationships.png  used on input line 76. on i
nput line 76.
Package pdftex.def Info: Requested size: 412.56496pt x 280.78822pt on input lin
e 76.

Underfull \vbox (badness 1168) has occurred while \output is active []

 [16]
Overfull \hbox (10.00952pt too wide) in paragraph at lines 94--107
\OT1/cmtt/m/n/10.95 descendant-or-self\OT1/cmr/m/n/10.95 , \OT1/cmtt/m/n/10.95 
ancestor-or-self\OT1/cmr/m/n/10.95 , \OT1/cmtt/m/n/10.95 following\OT1/cmr/m/n/
10.95 , \OT1/cmtt/m/n/10.95 following-sibling\OT1/cmr/m/n/10.95 , \OT1/cmtt/m/n
/10.95 preceding\OT1/cmr/m/n/10.95 ,
 []

[17 <./figures/relationships.png>]
Overfull \hbox (10.7686pt too wide) in paragraph at lines 115--120
[]\OT1/cmr/m/n/10.95 For ex-am-ple, given a query ``[][]\OT1/cmtt/m/n/10.95 /de
scentdant::F[following-sibling::J]/child::H[]\OT1/cmr/m/n/10.95 '',
 []

[18]) [19]
\openout2 = `basex/index.aux'.

 (basex/index.tex [20



]
Chapter 4.
(basex/basex.tex [21] [22]) (basex/dpsimpl.tex [23] [24]
Overfull \hbox (21.5007pt too wide) in paragraph at lines 74--79
\OT1/cmr/m/n/10.95 par-ti-tioned [][]\OT1/cmtt/m/n/10.95 $arr[]\OT1/cmr/m/n/10.
95 . With the ar-ray op-er-a-tions of ex-tract-ing length and sub-ar-ray, [][]\
OT1/cmtt/m/n/10.95 $block_part
 []

[25]
Overfull \hbox (13.98764pt too wide) in paragraph at lines 108--166
 [][] 
 []

) (basex/qpsimpl.tex [26] [27]
LaTeX Font Info:    Font shape `OMS/cmr/m/n' in size <10> not available
(Font)              Font shape `OMS/cmsy/m/n' tried instead on input line 76.
 [28]) (basex/optimization.tex [29] [30])
(basex/evaluation.tex
Overfull \hbox (9.73505pt too wide) in paragraph at lines 25--38
[]\OT1/cmr/m/n/10.95 We used two larege XML doc-u-ments for the ex-per-i-ments:
 \OT1/cmtt/m/n/10.95 xmark10.xml \OT1/cmr/m/n/10.95 and \OT1/cmtt/m/n/10.95 dbl
p.xml\OT1/cmr/m/n/10.95 .
 []

[31] (basex/exp_results/summary.tex
Overfull \hbox (42.63083pt too wide) in paragraph at lines 6--36
 [][] 
 []

) [32] (basex/exp_results/breakdown.tex
Overfull \hbox (43.17186pt too wide) in paragraph at lines 6--20
 [][] 
 []


Overfull \hbox (38.17184pt too wide) in paragraph at lines 27--43
 [][] 
 []

) [33] [34]
Overfull \hbox (59.0724pt too wide) in paragraph at lines 124--136
\OT1/cmr/m/n/10.95 nodes of eight unique names: \OT1/cmtt/m/n/10.95 article, bo
ok, incollections, inproceedings, masterthesis,
 []

[35]
<basex/exp_results/load_balance.pdf, id=1013, pagebox=cropbox, 336.59943pt x 20
1.44028pt>
File: basex/exp_results/load_balance.pdf Graphic file (type pdf)
<use basex/exp_results/load_balance.pdf>
Package pdftex.def Info: basex/exp_results/load_balance.pdf  used on input line
 179. on input line 179.
Package pdftex.def Info: Requested size: 194.06796pt x 116.14076pt on input lin
e 179.
<basex/exp_results/increase_of_work.pdf, id=1014, pagebox=cropbox, 334.03273pt 
x 197.53148pt>
File: basex/exp_results/increase_of_work.pdf Graphic file (type pdf)
<use basex/exp_results/increase_of_work.pdf>
Package pdftex.def Info: basex/exp_results/increase_of_work.pdf  used on input 
line 185. on input line 185.
Package pdftex.def Info: Requested size: 194.06796pt x 114.76122pt on input lin
e 185.
 [36 <./basex/exp_results/load_balance.pdf> <./basex/exp_results/increase_of_wo
rk.pdf>] [37]
Overfull \hbox (12.53578pt too wide) in paragraph at lines 258--274
\OT1/cmr/m/n/10.95 For ex-am-ple, one of its sub-query is \OT1/cmtt/m/n/10.95 /
site/regions/africa/item/../parent::item/@id\OT1/cmr/m/n/10.95 .
 []


Overfull \hbox (14.81734pt too wide) in paragraph at lines 258--274
\OT1/cmr/m/n/10.95 Since the full path is con-tained in the sub-quires, Ba-seX 
can use \OT1/cmtt/m/n/10.95 db:attribute("xmark10",
 []


Underfull \vbox (badness 10000) has occurred while \output is active []

 [38])
(basex/conclusion.tex [39] [40] [41])) [42]
\openout2 = `partialtree/index.aux'.

 (partialtree/index.tex
Chapter 5.
(partialtree/partialtree.tex [43



]
<partialtree/figures/fromWord-2.pdf, id=1078, pagebox=cropbox, 223.83624pt x 56
.21pt>
File: partialtree/figures/fromWord-2.pdf Graphic file (type pdf)
<use partialtree/figures/fromWord-2.pdf>
Package pdftex.def Info: partialtree/figures/fromWord-2.pdf  used on input line
 60. on input line 60.
Package pdftex.def Info: Requested size: 223.8357pt x 56.20985pt on input line 
60.
) (partialtree/characteristics.tex [44 <./partialtree/figures/fromWord-2.pdf>]
Overfull \hbox (33.7116pt too wide) in paragraph at lines 33--35
[]\OT1/cmr/m/it/10.95 If there ex-ist mul-ti-ple pre-nodes, then only one of th
em has left-open/closed/right-
 []

<partialtree/figures/fromWord-4.pdf, id=1091, pagebox=cropbox, 164.615pt x 156.
585pt>
File: partialtree/figures/fromWord-4.pdf Graphic file (type pdf)
<use partialtree/figures/fromWord-4.pdf>
Package pdftex.def Info: partialtree/figures/fromWord-4.pdf  used on input line
 44. on input line 44.
Package pdftex.def Info: Requested size: 164.6146pt x 156.58461pt on input line
 44.
[45 <./partialtree/figures/fromWord-4.pdf>]) (partialtree/construction.tex
Underfull \hbox (badness 10000) in paragraph at lines 31--34

 []

[46]
<partialtree/figures/fromWord-5.pdf, id=1114, pagebox=cropbox, 454.69875pt x 17
9.67125pt>
File: partialtree/figures/fromWord-5.pdf Graphic file (type pdf)
<use partialtree/figures/fromWord-5.pdf>
Package pdftex.def Info: partialtree/figures/fromWord-5.pdf  used on input line
 56. on input line 56.
Package pdftex.def Info: Requested size: 409.22508pt x 161.7026pt on input line
 56.
<partialtree/figures/fromWord-7.pdf, id=1115, pagebox=cropbox, 459.7175pt x 187
.70125pt>
File: partialtree/figures/fromWord-7.pdf Graphic file (type pdf)
<use partialtree/figures/fromWord-7.pdf>
Package pdftex.def Info: partialtree/figures/fromWord-7.pdf  used on input line
 60. on input line 60.
Package pdftex.def Info: Requested size: 413.74191pt x 168.92957pt on input lin
e 60.

Overfull \hbox (1.17696pt too wide) in paragraph at lines 60--61
 [][] 
 []

[47 <./partialtree/figures/fromWord-5.pdf> <./partialtree/figures/fromWord-7.pd
f>] [48]
<partialtree/figures/fromWord-6.pdf, id=1140, pagebox=cropbox, 459.7175pt x 138
.5175pt>
File: partialtree/figures/fromWord-6.pdf Graphic file (type pdf)
<use partialtree/figures/fromWord-6.pdf>
Package pdftex.def Info: partialtree/figures/fromWord-6.pdf  used on input line
 107. on input line 107.
Package pdftex.def Info: Requested size: 459.71637pt x 138.51715pt on input lin
e 107.

Overfull \hbox (47.15141pt too wide) in paragraph at lines 107--108
 [][] 
 []

[49 <./partialtree/figures/fromWord-6.pdf>]
Underfull \vbox (badness 10000) has occurred while \output is active []

 [50])
(partialtree/query.tex
Underfull \vbox (badness 10000) has occurred while \output is active []

 [51]
[52] [53] [54] [55] [56] [57] [58]
Overfull \hbox (12.15999pt too wide) in paragraph at lines 441--453
[]\OT1/cmr/m/n/10.95 Now, let us look at our run-ning ex-am-ple of Q2. Af-ter t
he eval-u-a-tion of \OT1/cmtt/m/n/10.95 descendant::B\OT1/cmr/m/n/10.95 ,
 []

[59] [60]

LaTeX Warning: Text page 61 contains only floats.

[61]
Overfull \hbox (19.03174pt too wide) in paragraph at lines 588--628
 [] 
 []

[62]
Overfull \hbox (34.29pt too wide) in paragraph at lines 682--760
 [][] 
 []

[63] [64] [65]) (partialtree/bfsimpl.tex [66] [67]
<partialtree/figures/bfstree.pdf, id=1266, pagebox=cropbox, 260.975pt x 173.648
74pt>
File: partialtree/figures/bfstree.pdf Graphic file (type pdf)
<use partialtree/figures/bfstree.pdf>
Package pdftex.def Info: partialtree/figures/bfstree.pdf  used on input line 45
. on input line 45.
Package pdftex.def Info: Requested size: 287.07338pt x 191.0142pt on input line
 45.
<partialtree/figures/bfstrees.png, id=1267, 1547.7825pt x 703.12688pt>
File: partialtree/figures/bfstrees.png Graphic file (type png)
<use partialtree/figures/bfstrees.png>
Package pdftex.def Info: partialtree/figures/bfstrees.png  used on input line 5
2. on input line 52.
Package pdftex.def Info: Requested size: 402.41397pt x 182.80867pt on input lin
e 52.
 [68 <./partialtree/figures/bfstree.pdf>]
<partialtree/figures/bfspt1.png, id=1285, 392.96812pt x 703.12688pt>
File: partialtree/figures/bfspt1.png Graphic file (type png)
<use partialtree/figures/bfspt1.png>
Package pdftex.def Info: partialtree/figures/bfspt1.png  used on input line 104
. on input line 104.
Package pdftex.def Info: Requested size: 98.24178pt x 175.78128pt on input line
 104.

Overfull \hbox (15.73006pt too wide) in paragraph at lines 103--105
[] 
 []


Underfull \vbox (badness 1466) has occurred while \output is active []

 [69 <./partialtree/figures/bfstrees.png>] [70 <./partialtree/figures/bfspt1.pn
g>])
(partialtree/evaluation.tex [71]
Overfull \hbox (22.75043pt too wide) in paragraph at lines 139--152
 [][] 
 []

) [72] [73] (partialtree/summary.tex)) [74] [75]
\openout2 = `6_conclusion.aux'.

 (6_conclusion.tex [76



]
Chapter 6.
[77] [78] [79] [80]) (thesis.bbl
Missing character: There is no Ã in font cmr10!
Missing character: There is no ¼ in font cmr10!
Missing character: There is no â in font cmr10!
Missing character: There is no € in font cmr10!
Missing character: There is no “ in font cmr10!
 [81
\FN@pp@footnotehinttrue 


]
Missing character: There is no â in font cmti10!
Missing character: There is no € in font cmti10!
Missing character: There is no ™ in font cmti10!
 [82]
Missing character: There is no â in font cmti10!
Missing character: There is no € in font cmti10!
Missing character: There is no ” in font cmti10!
 [83]
Missing character: There is no Ã in font cmr10!
Missing character: There is no £ in font cmr10!
 [84] [85] [86] [87]
Missing character: There is no Ã in font cmti10!
Missing character: There is no © in font cmti10!
 [88]
Missing character: There is no â in font cmti10!
Missing character: There is no € in font cmti10!
Missing character: There is no ™ in font cmti10!
 [89]
Underfull \hbox (badness 10000) in paragraph at lines 426--428
[]\OT1/cmr/m/n/10.95 ``Extensible markup lan-guage (XML) 1.0 (fifth edi-tion).'
'
 []


Underfull \hbox (badness 10000) in paragraph at lines 433--435
[]\OT1/cmr/m/n/10.95 ``XMark --- An XML bench-mark project.'' http://www.xml-
 []

) [90] [91]
Package atveryend Info: Empty hook `BeforeClearDocument' on input line 91.
Package atveryend Info: Empty hook `AfterLastShipout' on input line 91.
 (thesis.aux (0_fronter.aux) (1_introduction.aux) (2_relatedwork.aux) (3_xpath.
aux) (basex/index.aux) (partialtree/index.aux) (6_conclusion.aux))
Package atveryend Info: Executing hook `AtVeryEndDocument' on input line 91.
Package atveryend Info: Executing hook `AtEndAfterFileList' on input line 91.
Package rerunfilecheck Info: File `thesis.out' has not changed.
(rerunfilecheck)             Checksum: 6A42AE609B0AD356F0571CA1C0070172;6014.
Package atveryend Info: Empty hook `AtVeryVeryEnd' on input line 91.
 ) 
Here is how much of TeX's memory you used:
 10527 strings out of 493312
 158569 string characters out of 3138874
 276831 words of memory out of 3000000
 13451 multiletter control sequences out of 15000+200000
 21768 words of font info for 81 fonts, out of 3000000 for 9000
 1141 hyphenation exceptions out of 8191
 43i,12n,51p,363b,1691s stack positions out of 5000i,500n,10000p,200000b,50000s
<C:/Program Files/MiKTeX 2.9/fonts/type1/public/amsfonts/cm/cmbx10.pfb><C:/Pr
ogram Files/MiKTeX 2.9/fonts/type1/public/amsfonts/cm/cmbx12.pfb><C:/Program Fi
les/MiKTeX 2.9/fonts/type1/public/amsfonts/cm/cmcsc10.pfb><C:/Program Files/MiK
TeX 2.9/fonts/type1/public/amsfonts/cm/cmex10.pfb><C:/Program Files/MiKTeX 2.9/
fonts/type1/public/amsfonts/cm/cmmi10.pfb><C:/Program Files/MiKTeX 2.9/fonts/ty
pe1/public/amsfonts/cm/cmmi7.pfb><C:/Program Files/MiKTeX 2.9/fonts/type1/publi
c/amsfonts/cm/cmmi8.pfb><C:/Program Files/MiKTeX 2.9/fonts/type1/public/amsfont
s/cm/cmmi9.pfb><C:/Program Files/MiKTeX 2.9/fonts/type1/public/amsfonts/cm/cmr1
0.pfb><C:/Program Files/MiKTeX 2.9/fonts/type1/public/amsfonts/cm/cmr12.pfb><C:
/Program Files/MiKTeX 2.9/fonts/type1/public/amsfonts/cm/cmr17.pfb><C:/Program 
Files/MiKTeX 2.9/fonts/type1/public/amsfonts/cm/cmr6.pfb><C:/Program Files/MiKT
eX 2.9/fonts/type1/public/amsfonts/cm/cmr7.pfb><C:/Program Files/MiKTeX 2.9/fon
ts/type1/public/amsfonts/cm/cmr8.pfb><C:/Program Files/MiKTeX 2.9/fonts/type1/p
ublic/amsfonts/cm/cmr9.pfb><C:/Program Files/MiKTeX 2.9/fonts/type1/public/amsf
onts/cm/cmss10.pfb><C:/Program Files/MiKTeX 2.9/fonts/type1/public/amsfonts/cm/
cmsy10.pfb><C:/Program Files/MiKTeX 2.9/fonts/type1/public/amsfonts/cm/cmsy8.pf
b><C:/Program Files/MiKTeX 2.9/fonts/type1/public/amsfonts/cm/cmsy9.pfb><C:/Pro
gram Files/MiKTeX 2.9/fonts/type1/public/amsfonts/cm/cmti10.pfb><C:/Program Fil
es/MiKTeX 2.9/fonts/type1/public/amsfonts/cm/cmtt10.pfb><C:/Program Files/MiKTe
X 2.9/fonts/type1/public/amsfonts/cm/cmtt9.pfb><C:/Program Files/MiKTeX 2.9/fon
ts/type1/urw/times/utmr8a.pfb>
Output written on thesis.pdf (109 pages, 993313 bytes).
PDF statistics:
 1541 PDF objects out of 1728 (max. 8388607)
 352 named destinations out of 1000 (max. 500000)
 706 words of extra memory for PDF output out of 10000 (max. 10000000)

