\BOOKMARK [0][-]{chapter*.2}{List of Figures}{}% 1
\BOOKMARK [0][-]{chapter*.3}{List of Tables}{}% 2
\BOOKMARK [0][-]{chapter.1}{Introduction}{}% 3
\BOOKMARK [1][-]{section.1.1}{Background}{chapter.1}% 4
\BOOKMARK [1][-]{section.1.2}{A Short Tour}{chapter.1}% 5
\BOOKMARK [1][-]{section.1.3}{Contributions}{chapter.1}% 6
\BOOKMARK [1][-]{section.1.4}{Outline}{chapter.1}% 7
\BOOKMARK [0][-]{chapter.2}{Related Work}{}% 8
\BOOKMARK [1][-]{section.2.1}{XML Fragmentation}{chapter.2}% 9
\BOOKMARK [2][-]{subsection.2.1.1}{Fragmentation of Trees}{section.2.1}% 10
\BOOKMARK [3][-]{subsubsection.2.1.1.1}{Horizontal Fragmentation}{subsection.2.1.1}% 11
\BOOKMARK [3][-]{subsubsection.2.1.1.2}{Vertical Fragmentation}{subsection.2.1.1}% 12
\BOOKMARK [2][-]{subsection.2.1.2}{Fragmentation of XML Text}{section.2.1}% 13
\BOOKMARK [2][-]{subsection.2.1.3}{Holes and Fillers}{section.2.1}% 14
\BOOKMARK [1][-]{section.2.2}{Parallel XML Processing}{chapter.2}% 15
\BOOKMARK [2][-]{subsection.2.2.1}{Tree Accumulation and Reduction}{section.2.2}% 16
\BOOKMARK [2][-]{subsection.2.2.2}{XML Streaming}{section.2.2}% 17
\BOOKMARK [2][-]{subsection.2.2.3}{MapReduce-based XML Processing}{section.2.2}% 18
\BOOKMARK [2][-]{subsection.2.2.4}{Parallel Processing of queries}{section.2.2}% 19
\BOOKMARK [1][-]{section.2.3}{XML Database Techniques}{chapter.2}% 20
\BOOKMARK [2][-]{subsection.2.3.1}{Indexing and Labeling Schemes}{section.2.3}% 21
\BOOKMARK [3][-]{subsubsection.2.3.1.1}{Joins Algorithms}{subsection.2.3.1}% 22
\BOOKMARK [0][-]{chapter.3}{XML and Query Languages}{}% 23
\BOOKMARK [1][-]{section.3.1}{XML}{chapter.3}% 24
\BOOKMARK [1][-]{section.3.2}{XPath Language}{chapter.3}% 25
\BOOKMARK [2][-]{subsection.3.2.1}{Definition of XPath}{section.3.2}% 26
\BOOKMARK [2][-]{subsection.3.2.2}{Evaluting XPath query}{section.3.2}% 27
\BOOKMARK [1][-]{section.3.3}{XQuery}{chapter.3}% 28
\BOOKMARK [1][-]{section.3.4}{Summary}{chapter.3}% 29
\BOOKMARK [0][-]{chapter.4}{Parallelization Of XPath Queries on Top of BaseX}{}% 30
\BOOKMARK [1][-]{section.4.1}{BaseX: An XML Database Engine}{chapter.4}% 31
\BOOKMARK [1][-]{section.4.2}{Implementing Data Partitioning with BaseX}{chapter.4}% 32
\BOOKMARK [2][-]{subsection.4.2.1}{Client-side Implementation}{section.4.2}% 33
\BOOKMARK [2][-]{subsection.4.2.2}{Server-side Implementation}{section.4.2}% 34
\BOOKMARK [1][-]{section.4.3}{Implementing Query Partitioning with BaseX}{chapter.4}% 35
\BOOKMARK [1][-]{section.4.4}{Integration with Query Optimization}{chapter.4}% 36
\BOOKMARK [1][-]{section.4.5}{Experiments and Evaluations}{chapter.4}% 37
\BOOKMARK [2][-]{subsection.4.5.1}{Experimental Setting}{section.4.5}% 38
\BOOKMARK [2][-]{subsection.4.5.2}{Evaluation on Implementations of Data Partitioning Strategy}{section.4.5}% 39
\BOOKMARK [3][-]{subsubsection.4.5.2.1}{Total Execution Time}{subsection.4.5.2}% 40
\BOOKMARK [3][-]{subsubsection.4.5.2.2}{Breakdown of Execution Time}{subsection.4.5.2}% 41
\BOOKMARK [3][-]{subsubsection.4.5.2.3}{Scalability Analysis}{subsection.4.5.2}% 42
\BOOKMARK [2][-]{subsection.4.5.3}{Evaluation on Implementation of Query Partitioning Strategy}{section.4.5}% 43
\BOOKMARK [3][-]{subsubsection.4.5.3.1}{Total Execution Times and Speedups}{subsection.4.5.3}% 44
\BOOKMARK [3][-]{subsubsection.4.5.3.2}{Breakdown of Execution Time}{subsection.4.5.3}% 45
\BOOKMARK [1][-]{section.4.6}{Observations and Perspectives}{chapter.4}% 46
\BOOKMARK [2][-]{subsection.4.6.1}{BaseX Extensions Desirable}{section.4.6}% 47
\BOOKMARK [2][-]{subsection.4.6.2}{Further Perspectives}{section.4.6}% 48
\BOOKMARK [1][-]{section.4.7}{Summary}{chapter.4}% 49
\BOOKMARK [0][-]{chapter.5}{Partial Tree}{}% 50
\BOOKMARK [1][-]{section.5.1}{Definitions}{chapter.5}% 51
\BOOKMARK [1][-]{section.5.2}{Characteristics of Partial Tree}{chapter.5}% 52
\BOOKMARK [2][-]{subsection.5.2.1}{Properties of Open Nodes}{section.5.2}% 53
\BOOKMARK [2][-]{subsection.5.2.2}{Standard Structure}{section.5.2}% 54
\BOOKMARK [1][-]{section.5.3}{Construction of Partial Trees}{chapter.5}% 55
\BOOKMARK [2][-]{subsection.5.3.1}{Construction of Subtrees From Parsing XML Chunks}{section.5.3}% 56
\BOOKMARK [2][-]{subsection.5.3.2}{Pre-path Computation}{section.5.3}% 57
\BOOKMARK [2][-]{subsection.5.3.3}{Creation of Ranges of Open Nodes}{section.5.3}% 58
\BOOKMARK [1][-]{section.5.4}{Eavalute XPath Queries on Partial Trees}{chapter.5}% 59
\BOOKMARK [2][-]{subsection.5.4.1}{Definitions}{section.5.4}% 60
\BOOKMARK [2][-]{subsection.5.4.2}{Queries without Predicate}{section.5.4}% 61
\BOOKMARK [3][-]{subsubsection.5.4.2.1}{Downwards Axes}{subsection.5.4.2}% 62
\BOOKMARK [3][-]{subsubsection.5.4.2.2}{Upwards Axes}{subsection.5.4.2}% 63
\BOOKMARK [3][-]{subsubsection.5.4.2.3}{Intra-sibling Axes}{subsection.5.4.2}% 64
\BOOKMARK [2][-]{subsection.5.4.3}{Queries with Predicate}{section.5.4}% 65
\BOOKMARK [3][-]{subsubsection.5.4.3.1}{Preparing Predicate}{subsection.5.4.3}% 66
\BOOKMARK [3][-]{subsubsection.5.4.3.2}{Evaluation of Steps within A Predicate}{subsection.5.4.3}% 67
\BOOKMARK [3][-]{subsubsection.5.4.3.3}{Processing Predicate}{subsection.5.4.3}% 68
\BOOKMARK [2][-]{subsection.5.4.4}{Worst-Case Complexity}{section.5.4}% 69
\BOOKMARK [1][-]{section.5.5}{BFS-array based implementation}{chapter.5}% 70
\BOOKMARK [1][-]{section.5.6}{Evaluation}{chapter.5}% 71
\BOOKMARK [2][-]{subsection.5.6.1}{Datasets and XPath Queries}{section.5.6}% 72
\BOOKMARK [2][-]{subsection.5.6.2}{Experimental set-up}{section.5.6}% 73
\BOOKMARK [2][-]{subsection.5.6.3}{Evaluate Queries on a Single EC2 Instance}{section.5.6}% 74
\BOOKMARK [2][-]{subsection.5.6.4}{Evaluate Queries on Multiple EC2 Instances}{section.5.6}% 75
\BOOKMARK [1][-]{section.5.7}{Summary}{chapter.5}% 76
\BOOKMARK [0][-]{chapter.6}{Conclusion and Future Work}{}% 77
\BOOKMARK [1][-]{section.6.1}{Conclusion}{chapter.6}% 78
\BOOKMARK [1][-]{section.6.2}{Future Work}{chapter.6}% 79
\BOOKMARK [0][-]{chapter*.39}{Bibliography}{}% 80
